# JRE version: OpenJDK Runtime Environment (8.0_112-b06) (build 1.8.0_112-release-b06)
# Java VM: OpenJDK 64-Bit Server VM (25.112-b06 mixed mode windows-amd64 compressed oops)
Heap:
 PSYoungGen      total 281088K, used 64691K [0x00000000e0000000, 0x00000000f2a00000, 0x0000000100000000)
  eden space 257024K, 16% used [0x00000000e0000000,0x00000000e29e1ef0,0x00000000efb00000)
  from space 24064K, 90% used [0x00000000efb00000,0x00000000f104ad58,0x00000000f1280000)
  to   space 20480K, 0% used [0x00000000f1600000,0x00000000f1600000,0x00000000f2a00000)
 ParOldGen       total 122880K, used 50635K [0x00000000a0000000, 0x00000000a7800000, 0x00000000e0000000)
  object space 122880K, 41% used [0x00000000a0000000,0x00000000a3172c08,0x00000000a7800000)
 Metaspace       used 71434K, capacity 75002K, committed 75136K, reserved 1114112K
  class space    used 9408K, capacity 10101K, committed 10112K, reserved 1048576K
GC Heap History (10 events):
Event: 14.117 GC heap before
{Heap before GC invocations=14 (full 2):
 PSYoungGen      total 159744K, used 159725K [0x00000000e0000000, 0x00000000eeb00000, 0x0000000100000000)
  eden space 145408K, 100% used [0x00000000e0000000,0x00000000e8e00000,0x00000000e8e00000)
  from space 14336K, 99% used [0x00000000e8e00000,0x00000000e9bfb7f0,0x00000000e9c00000)
  to   space 19968K, 0% used [0x00000000ed780000,0x00000000ed780000,0x00000000eeb00000)
 ParOldGen       total 72704K, used 27799K [0x00000000a0000000, 0x00000000a4700000, 0x00000000e0000000)
  object space 72704K, 38% used [0x00000000a0000000,0x00000000a1b25c10,0x00000000a4700000)
 Metaspace       used 55292K, capacity 57622K, committed 57856K, reserved 1099776K
  class space    used 7413K, capacity 7932K, committed 7936K, reserved 1048576K
Event: 14.140 GC heap after
Heap after GC invocations=14 (full 2):
 PSYoungGen      total 214528K, used 16075K [0x00000000e0000000, 0x00000000ee980000, 0x0000000100000000)
  eden space 196096K, 0% used [0x00000000e0000000,0x00000000e0000000,0x00000000ebf80000)
  from space 18432K, 87% used [0x00000000ed780000,0x00000000ee732da8,0x00000000ee980000)
  to   space 21504K, 0% used [0x00000000ebf80000,0x00000000ebf80000,0x00000000ed480000)
 ParOldGen       total 72704K, used 41677K [0x00000000a0000000, 0x00000000a4700000, 0x00000000e0000000)
  object space 72704K, 57% used [0x00000000a0000000,0x00000000a28b37a0,0x00000000a4700000)
 Metaspace       used 55292K, capacity 57622K, committed 57856K, reserved 1099776K
  class space    used 7413K, capacity 7932K, committed 7936K, reserved 1048576K
}
Event: 14.748 GC heap before
{Heap before GC invocations=15 (full 2):
 PSYoungGen      total 214528K, used 65410K [0x00000000e0000000, 0x00000000ee980000, 0x0000000100000000)
  eden space 196096K, 25% used [0x00000000e0000000,0x00000000e302da70,0x00000000ebf80000)
  from space 18432K, 87% used [0x00000000ed780000,0x00000000ee732da8,0x00000000ee980000)
  to   space 21504K, 0% used [0x00000000ebf80000,0x00000000ebf80000,0x00000000ed480000)
 ParOldGen       total 72704K, used 41677K [0x00000000a0000000, 0x00000000a4700000, 0x00000000e0000000)
  object space 72704K, 57% used [0x00000000a0000000,0x00000000a28b37a0,0x00000000a4700000)
 Metaspace       used 56591K, capacity 58946K, committed 59028K, reserved 1099776K
  class space    used 7587K, capacity 8112K, committed 8192K, reserved 1048576K
Event: 14.761 GC heap after
Heap after GC invocations=15 (full 2):
 PSYoungGen      total 217600K, used 3012K [0x00000000e0000000, 0x00000000f2b00000, 0x0000000100000000)
  eden space 196096K, 0% used [0x00000000e0000000,0x00000000e0000000,0x00000000ebf80000)
  from space 21504K, 14% used [0x00000000ebf80000,0x00000000ec271188,0x00000000ed480000)
  to   space 21504K, 0% used [0x00000000f1600000,0x00000000f1600000,0x00000000f2b00000)
 ParOldGen       total 72704K, used 55263K [0x00000000a0000000, 0x00000000a4700000, 0x00000000e0000000)
  object space 72704K, 76% used [0x00000000a0000000,0x00000000a35f7ff8,0x00000000a4700000)
 Metaspace       used 56591K, capacity 58946K, committed 59028K, reserved 1099776K
  class space    used 7587K, capacity 8112K, committed 8192K, reserved 1048576K
}
Event: 14.761 GC heap before
{Heap before GC invocations=16 (full 3):
 PSYoungGen      total 217600K, used 3012K [0x00000000e0000000, 0x00000000f2b00000, 0x0000000100000000)
  eden space 196096K, 0% used [0x00000000e0000000,0x00000000e0000000,0x00000000ebf80000)
  from space 21504K, 14% used [0x00000000ebf80000,0x00000000ec271188,0x00000000ed480000)
  to   space 21504K, 0% used [0x00000000f1600000,0x00000000f1600000,0x00000000f2b00000)
 ParOldGen       total 72704K, used 55263K [0x00000000a0000000, 0x00000000a4700000, 0x00000000e0000000)
  object space 72704K, 76% used [0x00000000a0000000,0x00000000a35f7ff8,0x00000000a4700000)
 Metaspace       used 56591K, capacity 58946K, committed 59028K, reserved 1099776K
  class space    used 7587K, capacity 8112K, committed 8192K, reserved 1048576K
Event: 14.928 GC heap after
Heap after GC invocations=16 (full 3):
 PSYoungGen      total 217600K, used 0K [0x00000000e0000000, 0x00000000f2b00000, 0x0000000100000000)
  eden space 196096K, 0% used [0x00000000e0000000,0x00000000e0000000,0x00000000ebf80000)
  from space 21504K, 0% used [0x00000000ebf80000,0x00000000ebf80000,0x00000000ed480000)
  to   space 21504K, 0% used [0x00000000f1600000,0x00000000f1600000,0x00000000f2b00000)
 ParOldGen       total 122880K, used 43478K [0x00000000a0000000, 0x00000000a7800000, 0x00000000e0000000)
  object space 122880K, 35% used [0x00000000a0000000,0x00000000a2a75838,0x00000000a7800000)
 Metaspace       used 56591K, capacity 58946K, committed 59028K, reserved 1099776K
  class space    used 7587K, capacity 8112K, committed 8192K, reserved 1048576K
}
Event: 16.079 GC heap before
{Heap before GC invocations=17 (full 3):
 PSYoungGen      total 217600K, used 196096K [0x00000000e0000000, 0x00000000f2b00000, 0x0000000100000000)
  eden space 196096K, 100% used [0x00000000e0000000,0x00000000ebf80000,0x00000000ebf80000)
  from space 21504K, 0% used [0x00000000ebf80000,0x00000000ebf80000,0x00000000ed480000)
  to   space 21504K, 0% used [0x00000000f1600000,0x00000000f1600000,0x00000000f2b00000)
 ParOldGen       total 122880K, used 43478K [0x00000000a0000000, 0x00000000a7800000, 0x00000000e0000000)
  object space 122880K, 35% used [0x00000000a0000000,0x00000000a2a75838,0x00000000a7800000)
 Metaspace       used 65234K, capacity 68106K, committed 68224K, reserved 1107968K
  class space    used 8672K, capacity 9252K, committed 9344K, reserved 1048576K
Event: 16.093 GC heap after
Heap after GC invocations=17 (full 3):
 PSYoungGen      total 277504K, used 18858K [0x00000000e0000000, 0x00000000f2a00000, 0x0000000100000000)
  eden space 257024K, 0% used [0x00000000e0000000,0x00000000e0000000,0x00000000efb00000)
  from space 20480K, 92% used [0x00000000f1600000,0x00000000f286a940,0x00000000f2a00000)
  to   space 24064K, 0% used [0x00000000efb00000,0x00000000efb00000,0x00000000f1280000)
 ParOldGen       total 122880K, used 43486K [0x00000000a0000000, 0x00000000a7800000, 0x00000000e0000000)
  object space 122880K, 35% used [0x00000000a0000000,0x00000000a2a77838,0x00000000a7800000)
 Metaspace       used 65234K, capacity 68106K, committed 68224K, reserved 1107968K
  class space    used 8672K, capacity 9252K, committed 9344K, reserved 1048576K
}
Event: 24.450 GC heap before
{Heap before GC invocations=18 (full 3):
 PSYoungGen      total 277504K, used 275882K [0x00000000e0000000, 0x00000000f2a00000, 0x0000000100000000)
  eden space 257024K, 100% used [0x00000000e0000000,0x00000000efb00000,0x00000000efb00000)
  from space 20480K, 92% used [0x00000000f1600000,0x00000000f286a940,0x00000000f2a00000)
  to   space 24064K, 0% used [0x00000000efb00000,0x00000000efb00000,0x00000000f1280000)
 ParOldGen       total 122880K, used 43486K [0x00000000a0000000, 0x00000000a7800000, 0x00000000e0000000)
  object space 122880K, 35% used [0x00000000a0000000,0x00000000a2a77838,0x00000000a7800000)
 Metaspace       used 71217K, capacity 74772K, committed 74880K, reserved 1114112K
  class space    used 9403K, capacity 10094K, committed 10112K, reserved 1048576K
Event: 24.519 GC heap after
Heap after GC invocations=18 (full 3):
 PSYoungGen      total 281088K, used 21803K [0x00000000e0000000, 0x00000000f2a00000, 0x0000000100000000)
  eden space 257024K, 0% used [0x00000000e0000000,0x00000000e0000000,0x00000000efb00000)
  from space 24064K, 90% used [0x00000000efb00000,0x00000000f104ad58,0x00000000f1280000)
  to   space 20480K, 0% used [0x00000000f1600000,0x00000000f1600000,0x00000000f2a00000)
 ParOldGen       total 122880K, used 50635K [0x00000000a0000000, 0x00000000a7800000, 0x00000000e0000000)
  object space 122880K, 41% used [0x00000000a0000000,0x00000000a3172c08,0x00000000a7800000)
 Metaspace       used 71217K, capacity 74772K, committed 74880K, reserved 1114112K
  class space    used 9403K, capacity 10094K, committed 10112K, reserved 1048576K
}

